<?xml version="1.0" encoding="UTF-8"?>
<!-- Generated by org.testng.reporters.JUnitReportReporter -->
<testsuite skipped="0" hostname="DESKTOP-T6VNPJJ" name="com.spotify.oauth2.tests.PlaylistTests" tests="5" failures="0" timestamp="2022-06-29T12:48:32 IST" time="7.649" errors="0">
  <testcase name="shouldNotBeAbleToCreateAPlaylistWithExpiredToken" time="0.305" classname="com.spotify.oauth2.tests.PlaylistTests"/>
  <system-out/>
  <testcase name="shouldBeAbleToCreateAPlaylist" time="5.717" classname="com.spotify.oauth2.tests.PlaylistTests"/>
  <system-out/>
  <testcase name="shouldBeAbleToUpdateAPlaylist" time="0.358" classname="com.spotify.oauth2.tests.PlaylistTests"/>
  <system-out/>
  <testcase name="shouldNotBeAbleToCreateAPlaylistWithoutName" time="0.535" classname="com.spotify.oauth2.tests.PlaylistTests"/>
  <system-out/>
  <testcase name="shouldBeAbleToGetAPlaylist" time="0.734" classname="com.spotify.oauth2.tests.PlaylistTests"/>
  <system-out/>
</testsuite> <!-- com.spotify.oauth2.tests.PlaylistTests -->
