<?xml version="1.0" encoding="UTF-8"?>
<!-- Generated by org.testng.reporters.JUnitReportReporter -->
<testsuite skipped="0" hostname="DESKTOP-T6VNPJJ" name="spotify.oauth2.tests.PlaylistTests" tests="5" failures="0" timestamp="2022-06-28T22:39:09 IST" time="5.883" errors="0">
  <testcase name="shouldBeAbleToUpdateAPlaylist" time="0.941" classname="spotify.oauth2.tests.PlaylistTests"/>
  <system-out/>
  <testcase name="shouldNotBeAbleToCreateAPlaylistWithoutName" time="0.289" classname="spotify.oauth2.tests.PlaylistTests"/>
  <system-out/>
  <testcase name="shouldBeAbleToGetAPlaylist" time="0.448" classname="spotify.oauth2.tests.PlaylistTests"/>
  <system-out/>
  <testcase name="shouldNotBeAbleToCreateAPlaylistWithExpiredToken" time="0.328" classname="spotify.oauth2.tests.PlaylistTests"/>
  <system-out/>
  <testcase name="shouldBeAbleToCreateAPlaylist" time="3.877" classname="spotify.oauth2.tests.PlaylistTests"/>
  <system-out/>
</testsuite> <!-- spotify.oauth2.tests.PlaylistTests -->
